<?xml version="1.0" encoding="UTF-8"?>
<testng-results ignored="0" total="1" passed="1" failed="0" skipped="0">
  <reporter-output>
  </reporter-output>
  <suite started-at="2022-08-18T16:36:32 IST" name="Default suite" finished-at="2022-08-18T16:36:59 IST" duration-ms="27298">
    <groups>
    </groups>
    <test started-at="2022-08-18T16:36:32 IST" name="Default test" finished-at="2022-08-18T16:36:59 IST" duration-ms="27298">
      <class name="mavenSeleniumProject1.SwagLabsWebsite_practise">
        <test-method is-config="true" signature="launchApp()[pri:0, instance:mavenSeleniumProject1.SwagLabsWebsite_practise@c0c2f8d]" started-at="2022-08-18T16:36:32 IST" name="launchApp" finished-at="2022-08-18T16:36:40 IST" duration-ms="8359" status="PASS">
          <reporter-output>
          </reporter-output>
        </test-method> <!-- launchApp -->
        <test-method signature="testcase1()[pri:0, instance:mavenSeleniumProject1.SwagLabsWebsite_practise@c0c2f8d]" started-at="2022-08-18T16:36:40 IST" name="testcase1" finished-at="2022-08-18T16:36:55 IST" duration-ms="14630" status="PASS">
          <reporter-output>
          </reporter-output>
        </test-method> <!-- testcase1 -->
        <test-method is-config="true" signature="closeApp()[pri:0, instance:mavenSeleniumProject1.SwagLabsWebsite_practise@c0c2f8d]" started-at="2022-08-18T16:36:55 IST" name="closeApp" finished-at="2022-08-18T16:36:59 IST" duration-ms="4213" status="PASS">
          <reporter-output>
          </reporter-output>
        </test-method> <!-- closeApp -->
      </class> <!-- mavenSeleniumProject1.SwagLabsWebsite_practise -->
    </test> <!-- Default test -->
  </suite> <!-- Default suite -->
</testng-results>
