<?xml version="1.0" encoding="UTF-8"?>
<testng-results ignored="0" total="2" passed="2" failed="0" skipped="0">
  <reporter-output>
  </reporter-output>
  <suite started-at="2022-08-18T15:38:10 IST" name="Suite" finished-at="2022-08-18T15:38:34 IST" duration-ms="23940">
    <groups>
    </groups>
    <test started-at="2022-08-18T15:38:10 IST" name="Test" finished-at="2022-08-18T15:38:34 IST" duration-ms="23940">
      <class name="mavenSeleniumProject1.SwagLabsWebsite_practise">
        <test-method is-config="true" signature="launchApp()[pri:0, instance:mavenSeleniumProject1.SwagLabsWebsite_practise@587e5365]" started-at="2022-08-18T15:38:10 IST" name="launchApp" finished-at="2022-08-18T15:38:16 IST" duration-ms="5932" status="PASS">
          <reporter-output>
          </reporter-output>
        </test-method> <!-- launchApp -->
        <test-method signature="testcase1()[pri:0, instance:mavenSeleniumProject1.SwagLabsWebsite_practise@587e5365]" started-at="2022-08-18T15:38:16 IST" name="testcase1" finished-at="2022-08-18T15:38:30 IST" duration-ms="13628" status="PASS">
          <reporter-output>
          </reporter-output>
        </test-method> <!-- testcase1 -->
        <test-method is-config="true" signature="closeApp()[pri:0, instance:mavenSeleniumProject1.SwagLabsWebsite_practise@587e5365]" started-at="2022-08-18T15:38:30 IST" name="closeApp" finished-at="2022-08-18T15:38:34 IST" duration-ms="4225" status="PASS">
          <reporter-output>
          </reporter-output>
        </test-method> <!-- closeApp -->
      </class> <!-- mavenSeleniumProject1.SwagLabsWebsite_practise -->
      <class name="mavenSeleniumProject1.ReadDataFromFile">
        <test-method signature="main()[pri:0, instance:mavenSeleniumProject1.ReadDataFromFile@bccb269]" started-at="2022-08-18T15:38:30 IST" name="main" finished-at="2022-08-18T15:38:30 IST" duration-ms="8" status="PASS">
          <reporter-output>
          </reporter-output>
        </test-method> <!-- main -->
      </class> <!-- mavenSeleniumProject1.ReadDataFromFile -->
    </test> <!-- Test -->
  </suite> <!-- Suite -->
</testng-results>
